<?xml version="1.0" encoding="UTF-8"?>
<!-- Generated by org.testng.reporters.JUnitReportReporter -->
<testsuite hostname="Subhakanta" failures="0" tests="1" name="com.tutorialsninja.Verify_LandingPage_Header" time="2.662" errors="0" timestamp="2023-07-08T00:30:43 IST" skipped="0">
  <testcase classname="com.tutorialsninja.Verify_LandingPage_Header" name="verify_header_links" time="2.662"/>
</testsuite> <!-- com.tutorialsninja.Verify_LandingPage_Header -->
